  Camera3.cpp
C:\Users\rogue\Documents\Poly\Year 1 S2\DM2197 Studio Project 2\Forked Framework\SP2_Framework\SP2\Application\Source\Camera3.cpp(102,32): warning C4244: 'argument': conversion from 'double' to 'float', possible loss of data
C:\Users\rogue\Documents\Poly\Year 1 S2\DM2197 Studio Project 2\Forked Framework\SP2_Framework\SP2\Application\Source\Camera3.cpp(103,30): warning C4244: 'argument': conversion from 'double' to 'float', possible loss of data
C:\Users\rogue\Documents\Poly\Year 1 S2\DM2197 Studio Project 2\Forked Framework\SP2_Framework\SP2\Application\Source\Camera3.cpp(107,36): warning C4244: 'argument': conversion from 'double' to 'float', possible loss of data
C:\Users\rogue\Documents\Poly\Year 1 S2\DM2197 Studio Project 2\Forked Framework\SP2_Framework\SP2\Application\Source\Camera3.cpp(108,34): warning C4244: 'argument': conversion from 'double' to 'float', possible loss of data
C:\Users\rogue\Documents\Poly\Year 1 S2\DM2197 Studio Project 2\Forked Framework\SP2_Framework\SP2\Application\Source\Camera3.cpp(118,32): warning C4244: 'argument': conversion from 'double' to 'float', possible loss of data
C:\Users\rogue\Documents\Poly\Year 1 S2\DM2197 Studio Project 2\Forked Framework\SP2_Framework\SP2\Application\Source\Camera3.cpp(119,30): warning C4244: 'argument': conversion from 'double' to 'float', possible loss of data
C:\Users\rogue\Documents\Poly\Year 1 S2\DM2197 Studio Project 2\Forked Framework\SP2_Framework\SP2\Application\Source\Camera3.cpp(123,36): warning C4244: 'argument': conversion from 'double' to 'float', possible loss of data
C:\Users\rogue\Documents\Poly\Year 1 S2\DM2197 Studio Project 2\Forked Framework\SP2_Framework\SP2\Application\Source\Camera3.cpp(124,34): warning C4244: 'argument': conversion from 'double' to 'float', possible loss of data
C:\Users\rogue\Documents\Poly\Year 1 S2\DM2197 Studio Project 2\Forked Framework\SP2_Framework\SP2\Application\Source\Camera3.cpp(134,31): warning C4244: 'argument': conversion from 'double' to 'float', possible loss of data
C:\Users\rogue\Documents\Poly\Year 1 S2\DM2197 Studio Project 2\Forked Framework\SP2_Framework\SP2\Application\Source\Camera3.cpp(135,29): warning C4244: 'argument': conversion from 'double' to 'float', possible loss of data
C:\Users\rogue\Documents\Poly\Year 1 S2\DM2197 Studio Project 2\Forked Framework\SP2_Framework\SP2\Application\Source\Camera3.cpp(139,35): warning C4244: 'argument': conversion from 'double' to 'float', possible loss of data
C:\Users\rogue\Documents\Poly\Year 1 S2\DM2197 Studio Project 2\Forked Framework\SP2_Framework\SP2\Application\Source\Camera3.cpp(140,33): warning C4244: 'argument': conversion from 'double' to 'float', possible loss of data
C:\Users\rogue\Documents\Poly\Year 1 S2\DM2197 Studio Project 2\Forked Framework\SP2_Framework\SP2\Application\Source\Camera3.cpp(150,31): warning C4244: 'argument': conversion from 'double' to 'float', possible loss of data
C:\Users\rogue\Documents\Poly\Year 1 S2\DM2197 Studio Project 2\Forked Framework\SP2_Framework\SP2\Application\Source\Camera3.cpp(151,29): warning C4244: 'argument': conversion from 'double' to 'float', possible loss of data
C:\Users\rogue\Documents\Poly\Year 1 S2\DM2197 Studio Project 2\Forked Framework\SP2_Framework\SP2\Application\Source\Camera3.cpp(155,35): warning C4244: 'argument': conversion from 'double' to 'float', possible loss of data
C:\Users\rogue\Documents\Poly\Year 1 S2\DM2197 Studio Project 2\Forked Framework\SP2_Framework\SP2\Application\Source\Camera3.cpp(156,33): warning C4244: 'argument': conversion from 'double' to 'float', possible loss of data
C:\Users\rogue\Documents\Poly\Year 1 S2\DM2197 Studio Project 2\Forked Framework\SP2_Framework\SP2\Application\Source\Camera3.cpp(179,41): warning C4244: '+=': conversion from 'double' to 'float', possible loss of data
C:\Users\rogue\Documents\Poly\Year 1 S2\DM2197 Studio Project 2\Forked Framework\SP2_Framework\SP2\Application\Source\Camera3.cpp(180,39): warning C4244: '+=': conversion from 'double' to 'float', possible loss of data
C:\Users\rogue\Documents\Poly\Year 1 S2\DM2197 Studio Project 2\Forked Framework\SP2_Framework\SP2\Application\Source\Camera3.cpp(187,45): warning C4244: '+=': conversion from 'double' to 'float', possible loss of data
C:\Users\rogue\Documents\Poly\Year 1 S2\DM2197 Studio Project 2\Forked Framework\SP2_Framework\SP2\Application\Source\Camera3.cpp(188,43): warning C4244: '+=': conversion from 'double' to 'float', possible loss of data
C:\Users\rogue\Documents\Poly\Year 1 S2\DM2197 Studio Project 2\Forked Framework\SP2_Framework\SP2\Application\Source\Camera3.cpp(193,45): warning C4244: '-=': conversion from 'double' to 'float', possible loss of data
C:\Users\rogue\Documents\Poly\Year 1 S2\DM2197 Studio Project 2\Forked Framework\SP2_Framework\SP2\Application\Source\Camera3.cpp(194,43): warning C4244: '-=': conversion from 'double' to 'float', possible loss of data
  Generating code
  1 of 916 functions ( 0.1%) were compiled, the rest were copied from previous compilation.
    0 functions were new in current compilation
    31 functions had inline decision re-evaluated but remain unchanged
  Finished generating code
  Application.vcxproj -> C:\Users\rogue\Documents\Poly\Year 1 S2\DM2197 Studio Project 2\Forked Framework\SP2_Framework\SP2\Release\Application.exe
